域名mgi-kg.com不存在，或者没有该域名的权限，请检查
域名vapimo.com不存在，或者没有该域名的权限，请检查
域名petfut.com不存在，或者没有该域名的权限，请检查
域名awgrass.com不存在，或者没有该域名的权限，请检查
域名aba-phx.com不存在，或者没有该域名的权限，请检查
域名2andlaw.com不存在，或者没有该域名的权限，请检查
域名qabanks.com不存在，或者没有该域名的权限，请检查
域名sovmask.com不存在，或者没有该域名的权限，请检查
域名untidal.com不存在，或者没有该域名的权限，请检查
域名lahoreit.com不存在，或者没有该域名的权限，请检查
域名depprecce.com不存在，或者没有该域名的权限，请检查
域名schooldio.com不存在，或者没有该域名的权限，请检查
域名montanalotusyoga.com不存在，或者没有该域名的权限，请检查
域名comprarcuchillos.com不存在，或者没有该域名的权限，请检查
域名ludovico-einaudi.com不存在，或者没有该域名的权限，请检查
域名nealdavislawfirm.com不存在，或者没有该域名的权限，请检查
域名okcarpetcleaning.com不存在，或者没有该域名的权限，请检查
域名anjacormarketing.com不存在，或者没有该域名的权限，请检查
域名antalyaemlaksite.com不存在，或者没有该域名的权限，请检查
域名liberalbestmarket.com不存在，或者没有该域名的权限，请检查
域名florida-standards.com不存在，或者没有该域名的权限，请检查
域名aallhourbailbonds.com不存在，或者没有该域名的权限，请检查
域名2aiellofamilydental.com不存在，或者没有该域名的权限，请检查
域名cityheightsbuilders.com不存在，或者没有该域名的权限，请检查
域名diatrofistinkouzina.com不存在，或者没有该域名的权限，请检查
域名hotelmetropolisroma.com不存在，或者没有该域名的权限，请检查
域名cabrinhakitesurfing.com不存在，或者没有该域名的权限，请检查
域名montanarvbykeystone.com不存在，或者没有该域名的权限，请检查
域名firepolicecreditunion.com不存在，或者没有该域名的权限，请检查
域名home-garde-protection.com不存在，或者没有该域名的权限，请检查
域名conso-service-special.com不存在，或者没有该域名的权限，请检查
域名postpartumsupportottawa.com不存在，或者没有该域名的权限，请检查
域名its-politically-incorrect.com不存在，或者没有该域名的权限，请检查
域名containergardeningforfood.com不存在，或者没有该域名的权限，请检查
域名teethwhiteningscarborough.com不存在，或者没有该域名的权限，请检查
域名ebenezerbaptistchurch2016.com不存在，或者没有该域名的权限，请检查
域名ferretbackgroundscreening.com不存在，或者没有该域名的权限，请检查
域名green-island-tours-cairns.com不存在，或者没有该域名的权限，请检查
域名onlineconversionblueprint.com不存在，或者没有该域名的权限，请检查
域名robbiewilliamstributeshow.com不存在，或者没有该域名的权限，请检查
域名acustomceremonybyvictoria.com不存在，或者没有该域名的权限，请检查
域名affordablemoonwalkrentals.com不存在，或者没有该域名的权限，请检查
域名fox-tr.com不存在，或者没有该域名的权限，请检查
域名idea-5.com不存在，或者没有该域名的权限，请检查
域名5ssoft.com不存在，或者没有该域名的权限，请检查
域名tourxe.com不存在，或者没有该域名的权限，请检查
域名amatopm.com不存在，或者没有该域名的权限，请检查
域名6gkandb.com不存在，或者没有该域名的权限，请检查
域名egorila.com不存在，或者没有该域名的权限，请检查
域名constnt.com不存在，或者没有该域名的权限，请检查
域名roksack.com不存在，或者没有该域名的权限，请检查
域名2nwapdc.com不存在，或者没有该域名的权限，请检查
域名cabocart.com不存在，或者没有该域名的权限，请检查
域名chuckprop.com不存在，或者没有该域名的权限，请检查
域名mattepack.com不存在，或者没有该域名的权限，请检查
域名reis-swfl.com不存在，或者没有该域名的权限，请检查
域名coedsexstore.com不存在，或者没有该域名的权限，请检查
域名gayteensexchat.com不存在，或者没有该域名的权限，请检查
域名gaintheupperhand.com不存在，或者没有该域名的权限，请检查
域名hamburg-city-suites.com不存在，或者没有该域名的权限，请检查
域名movingtounioncounty.com不存在，或者没有该域名的权限，请检查
域名h2miraclewater-russia.com不存在，或者没有该域名的权限，请检查
域名internetsalespartners.com不存在，或者没有该域名的权限，请检查
域名helenacomputerrepairs.com不存在，或者没有该域名的权限，请检查
域名greenvillepropertyguide.com不存在，或者没有该域名的权限，请检查
域名sydneyprivatepaincentre.com不存在，或者没有该域名的权限，请检查
域名californiacrawfishcompany.com不存在，或者没有该域名的权限，请检查
域名danvilleindianarealestate.com不存在，或者没有该域名的权限，请检查
